22:58:37.118 [sandbox-akka.actor.default-dispatcher-4] INFO  akka.event.slf4j.Slf4jLogger - Slf4jLogger started 
22:58:49.948 [pool-1-thread-1] INFO  c.d.p.apiserver.LedgerApiServer - Listening on localhost:6865 over plain text. 
22:58:50.009 [pool-1-thread-1] INFO  com.daml.platform.sandboxnext.Runner - Initialized sandbox version 1.1.1 with ledger-id = cb5aa03a-4243-4987-83ea-d9a9dd42cd26, port = 6865, dar file = List(.daml/dist/knolTrackF-0.0.1.dar), time mode = wall-clock time, ledger = in-memory, auth-service = AuthServiceWildcard$, contract ids seeding = strong 
23:00:33.348 [sandbox-akka.actor.default-dispatcher-4] INFO  akka.event.slf4j.Slf4jLogger - Slf4jLogger started 
23:00:43.410 [pool-1-thread-3] INFO  c.d.p.apiserver.LedgerApiServer - Listening on localhost:6865 over plain text. 
23:00:43.452 [pool-1-thread-3] INFO  com.daml.platform.sandboxnext.Runner - Initialized sandbox version 1.1.1 with ledger-id = e86e4d9b-26fb-4e9b-97cb-c4f7e1d83abe, port = 6865, dar file = List(.daml/dist/knolTrackF-0.0.1.dar), time mode = wall-clock time, ledger = in-memory, auth-service = AuthServiceWildcard$, contract ids seeding = strong 
23:20:19.365 [sandbox-akka.actor.default-dispatcher-4] INFO  akka.event.slf4j.Slf4jLogger - Slf4jLogger started 
23:20:31.506 [pool-1-thread-2] INFO  c.d.p.apiserver.LedgerApiServer - Listening on localhost:6865 over plain text. 
23:20:31.526 [pool-1-thread-2] INFO  com.daml.platform.sandboxnext.Runner - Initialized sandbox version 1.1.1 with ledger-id = 88083282-e3b3-484f-9528-2a84e87b58bf, port = 6865, dar file = List(.daml/dist/knolTrackF-0.0.1.dar), time mode = wall-clock time, ledger = in-memory, auth-service = AuthServiceWildcard$, contract ids seeding = strong 
23:50:49.267 [sandbox-akka.actor.default-dispatcher-4] INFO  akka.event.slf4j.Slf4jLogger - Slf4jLogger started 
23:50:58.571 [pool-1-thread-6] INFO  c.d.p.apiserver.LedgerApiServer - Listening on localhost:6865 over plain text. 
23:50:58.618 [pool-1-thread-3] INFO  com.daml.platform.sandboxnext.Runner - Initialized sandbox version 1.1.1 with ledger-id = 613c6928-658a-41c9-be3b-4277524db22f, port = 6865, dar file = List(.daml/dist/knolTrackF-0.0.1.dar), time mode = wall-clock time, ledger = in-memory, auth-service = AuthServiceWildcard$, contract ids seeding = strong 
23:56:32.349 [sandbox-akka.actor.default-dispatcher-4] INFO  akka.event.slf4j.Slf4jLogger - Slf4jLogger started 
23:56:42.100 [pool-1-thread-3] INFO  c.d.p.apiserver.LedgerApiServer - Listening on localhost:6865 over plain text. 
23:56:42.293 [pool-1-thread-3] INFO  com.daml.platform.sandboxnext.Runner - Initialized sandbox version 1.1.1 with ledger-id = 1d4bd9ad-7614-4a63-9041-2d1793c84827, port = 6865, dar file = List(.daml/dist/knolTrackF-0.0.1.dar), time mode = wall-clock time, ledger = in-memory, auth-service = AuthServiceWildcard$, contract ids seeding = strong 
00:12:56.291 [sandbox-akka.actor.default-dispatcher-5] INFO  akka.event.slf4j.Slf4jLogger - Slf4jLogger started 
00:13:16.422 [pool-1-thread-3] INFO  c.d.p.apiserver.LedgerApiServer - Listening on localhost:6865 over plain text. 
00:13:19.330 [pool-1-thread-3] INFO  com.daml.platform.sandboxnext.Runner - Initialized sandbox version 1.1.1 with ledger-id = c83bcfb5-e240-4afe-9bf9-dd755637298d, port = 6865, dar file = List(.daml/dist/knolTrackF-0.0.1.dar), time mode = wall-clock time, ledger = in-memory, auth-service = AuthServiceWildcard$, contract ids seeding = strong 
00:15:05.473 [sandbox-akka.actor.default-dispatcher-5] INFO  akka.event.slf4j.Slf4jLogger - Slf4jLogger started 
00:15:17.469 [pool-1-thread-5] INFO  c.d.p.apiserver.LedgerApiServer - Listening on localhost:6865 over plain text. 
00:15:17.534 [pool-1-thread-1] INFO  com.daml.platform.sandboxnext.Runner - Initialized sandbox version 1.1.1 with ledger-id = 14b30d06-5984-4834-87f9-2a94868ce4a6, port = 6865, dar file = List(.daml/dist/knolTrackF-0.0.1.dar), time mode = wall-clock time, ledger = in-memory, auth-service = AuthServiceWildcard$, contract ids seeding = strong 
00:21:54.097 [sandbox-akka.actor.default-dispatcher-4] INFO  akka.event.slf4j.Slf4jLogger - Slf4jLogger started 
00:22:04.707 [pool-1-thread-1] INFO  c.d.p.apiserver.LedgerApiServer - Listening on localhost:6865 over plain text. 
00:22:04.773 [pool-1-thread-1] INFO  com.daml.platform.sandboxnext.Runner - Initialized sandbox version 1.1.1 with ledger-id = c7824735-832a-4009-aa3e-8b74d6a8b1fb, port = 6865, dar file = List(.daml/dist/knolTrackF-0.0.1.dar), time mode = wall-clock time, ledger = in-memory, auth-service = AuthServiceWildcard$, contract ids seeding = strong 
11:37:41.274 [sandbox-akka.actor.default-dispatcher-4] INFO  akka.event.slf4j.Slf4jLogger - Slf4jLogger started 
11:37:52.610 [pool-1-thread-3] INFO  c.d.p.apiserver.LedgerApiServer - Listening on localhost:6865 over plain text. 
11:37:52.629 [pool-1-thread-3] INFO  com.daml.platform.sandboxnext.Runner - Initialized sandbox version 1.1.1 with ledger-id = 91a6e9aa-2582-4aec-af0e-93e5636fe806, port = 6865, dar file = List(.daml/dist/knolTrackF-0.0.1.dar), time mode = wall-clock time, ledger = in-memory, auth-service = AuthServiceWildcard$, contract ids seeding = strong 
11:44:43.728 [sandbox-akka.actor.default-dispatcher-5] INFO  akka.event.slf4j.Slf4jLogger - Slf4jLogger started 
11:44:52.292 [pool-1-thread-3] INFO  c.d.p.apiserver.LedgerApiServer - Listening on localhost:6865 over plain text. 
11:44:52.314 [pool-1-thread-3] INFO  com.daml.platform.sandboxnext.Runner - Initialized sandbox version 1.1.1 with ledger-id = 2df11670-4e13-4a5c-88a0-c484a8f1ab86, port = 6865, dar file = List(.daml/dist/knolTrackF-0.0.1.dar), time mode = wall-clock time, ledger = in-memory, auth-service = AuthServiceWildcard$, contract ids seeding = strong 
11:49:16.547 [sandbox-akka.actor.default-dispatcher-4] INFO  akka.event.slf4j.Slf4jLogger - Slf4jLogger started 
11:49:27.187 [pool-1-thread-4] INFO  c.d.p.apiserver.LedgerApiServer - Listening on localhost:6865 over plain text. 
11:49:27.211 [pool-1-thread-4] INFO  com.daml.platform.sandboxnext.Runner - Initialized sandbox version 1.1.1 with ledger-id = f32ba2c3-4526-4667-8105-7190ab43b1c4, port = 6865, dar file = List(.daml/dist/knolTrackF-0.0.1.dar), time mode = wall-clock time, ledger = in-memory, auth-service = AuthServiceWildcard$, contract ids seeding = strong 
11:52:11.341 [sandbox-akka.actor.default-dispatcher-6] INFO  akka.event.slf4j.Slf4jLogger - Slf4jLogger started 
11:52:28.381 [pool-1-thread-5] INFO  c.d.p.apiserver.LedgerApiServer - Listening on localhost:6865 over plain text. 
11:52:28.421 [pool-1-thread-4] INFO  com.daml.platform.sandboxnext.Runner - Initialized sandbox version 1.1.1 with ledger-id = 2885e00c-1aa7-44d1-92a9-8f9146448df6, port = 6865, dar file = List(.daml/dist/knolTrackF-0.0.1.dar), time mode = wall-clock time, ledger = in-memory, auth-service = AuthServiceWildcard$, contract ids seeding = strong 
11:54:28.782 [sandbox-akka.actor.default-dispatcher-4] INFO  akka.event.slf4j.Slf4jLogger - Slf4jLogger started 
11:54:37.898 [pool-1-thread-4] INFO  c.d.p.apiserver.LedgerApiServer - Listening on localhost:6865 over plain text. 
11:54:37.920 [pool-1-thread-2] INFO  com.daml.platform.sandboxnext.Runner - Initialized sandbox version 1.1.1 with ledger-id = 113db301-da05-4f1b-b8f7-442031e12971, port = 6865, dar file = List(.daml/dist/knolTrackF-0.0.1.dar), time mode = wall-clock time, ledger = in-memory, auth-service = AuthServiceWildcard$, contract ids seeding = strong 
12:06:07.137 [sandbox-akka.actor.default-dispatcher-6] INFO  akka.event.slf4j.Slf4jLogger - Slf4jLogger started 
12:06:15.646 [pool-1-thread-2] INFO  c.d.p.apiserver.LedgerApiServer - Listening on localhost:6865 over plain text. 
12:06:15.672 [pool-1-thread-1] INFO  com.daml.platform.sandboxnext.Runner - Initialized sandbox version 1.1.1 with ledger-id = 57e09eba-157e-48b2-ae01-a9f3c8ea97d2, port = 6865, dar file = List(.daml/dist/knolTrackF-0.0.1.dar), time mode = wall-clock time, ledger = in-memory, auth-service = AuthServiceWildcard$, contract ids seeding = strong 
12:10:45.302 [sandbox-akka.actor.default-dispatcher-4] INFO  akka.event.slf4j.Slf4jLogger - Slf4jLogger started 
12:10:55.481 [pool-1-thread-1] INFO  c.d.p.apiserver.LedgerApiServer - Listening on localhost:6865 over plain text. 
12:10:55.504 [pool-1-thread-1] INFO  com.daml.platform.sandboxnext.Runner - Initialized sandbox version 1.1.1 with ledger-id = 8f74a8cc-5a78-449c-bb8b-d63826bc4515, port = 6865, dar file = List(.daml/dist/knolTrackF-0.0.1.dar), time mode = wall-clock time, ledger = in-memory, auth-service = AuthServiceWildcard$, contract ids seeding = strong 
12:13:00.229 [sandbox-akka.actor.default-dispatcher-6] INFO  akka.event.slf4j.Slf4jLogger - Slf4jLogger started 
12:13:08.482 [pool-1-thread-1] INFO  c.d.p.apiserver.LedgerApiServer - Listening on localhost:6865 over plain text. 
12:13:08.507 [pool-1-thread-1] INFO  com.daml.platform.sandboxnext.Runner - Initialized sandbox version 1.1.1 with ledger-id = 737b7702-19c3-4031-a8a8-2788d76c8425, port = 6865, dar file = List(.daml/dist/knolTrackF-0.0.1.dar), time mode = wall-clock time, ledger = in-memory, auth-service = AuthServiceWildcard$, contract ids seeding = strong 
12:39:03.911 [sandbox-akka.actor.default-dispatcher-4] INFO  akka.event.slf4j.Slf4jLogger - Slf4jLogger started 
12:39:12.232 [pool-1-thread-2] INFO  c.d.p.apiserver.LedgerApiServer - Listening on localhost:6865 over plain text. 
12:39:12.256 [pool-1-thread-2] INFO  com.daml.platform.sandboxnext.Runner - Initialized sandbox version 1.1.1 with ledger-id = b13af4bc-f1e7-4840-9539-8fc343774d4d, port = 6865, dar file = List(.daml/dist/knolTrackF-0.0.1.dar), time mode = wall-clock time, ledger = in-memory, auth-service = AuthServiceWildcard$, contract ids seeding = strong 
12:41:52.702 [sandbox-akka.actor.default-dispatcher-5] INFO  akka.event.slf4j.Slf4jLogger - Slf4jLogger started 
12:42:01.061 [pool-1-thread-2] INFO  c.d.p.apiserver.LedgerApiServer - Listening on localhost:6865 over plain text. 
12:42:01.089 [pool-1-thread-2] INFO  com.daml.platform.sandboxnext.Runner - Initialized sandbox version 1.1.1 with ledger-id = 0486b982-5880-4fa1-8039-8a649271d91c, port = 6865, dar file = List(.daml/dist/knolTrackF-0.0.1.dar), time mode = wall-clock time, ledger = in-memory, auth-service = AuthServiceWildcard$, contract ids seeding = strong 
14:04:37.378 [sandbox-akka.actor.default-dispatcher-6] INFO  akka.event.slf4j.Slf4jLogger - Slf4jLogger started 
14:04:45.905 [pool-1-thread-4] INFO  c.d.p.apiserver.LedgerApiServer - Listening on localhost:6865 over plain text. 
14:04:45.927 [pool-1-thread-4] INFO  com.daml.platform.sandboxnext.Runner - Initialized sandbox version 1.1.1 with ledger-id = d689df16-c5a7-42fe-a73f-cfc57e828ed8, port = 6865, dar file = List(.daml/dist/knolTrackF-0.0.1.dar), time mode = wall-clock time, ledger = in-memory, auth-service = AuthServiceWildcard$, contract ids seeding = strong 
14:10:42.871 [sandbox-akka.actor.default-dispatcher-4] INFO  akka.event.slf4j.Slf4jLogger - Slf4jLogger started 
14:10:51.284 [pool-1-thread-4] INFO  c.d.p.apiserver.LedgerApiServer - Listening on localhost:6865 over plain text. 
14:10:51.307 [pool-1-thread-1] INFO  com.daml.platform.sandboxnext.Runner - Initialized sandbox version 1.1.1 with ledger-id = 7c5d4bab-6e58-4af3-8dbd-264560a1373f, port = 6865, dar file = List(.daml/dist/knolTrackF-0.0.1.dar), time mode = wall-clock time, ledger = in-memory, auth-service = AuthServiceWildcard$, contract ids seeding = strong 
14:23:23.234 [sandbox-akka.actor.default-dispatcher-5] INFO  akka.event.slf4j.Slf4jLogger - Slf4jLogger started 
14:23:32.685 [pool-1-thread-1] INFO  c.d.p.apiserver.LedgerApiServer - Listening on localhost:6865 over plain text. 
14:23:32.717 [pool-1-thread-2] INFO  com.daml.platform.sandboxnext.Runner - Initialized sandbox version 1.1.1 with ledger-id = ca602125-3608-4a7a-91e3-b5f1d91eaca7, port = 6865, dar file = List(.daml/dist/knolTrackF-0.0.1.dar), time mode = wall-clock time, ledger = in-memory, auth-service = AuthServiceWildcard$, contract ids seeding = strong 
17:39:44.343 [sandbox-akka.actor.default-dispatcher-5] INFO  akka.event.slf4j.Slf4jLogger - Slf4jLogger started 
17:39:56.086 [pool-1-thread-4] INFO  c.d.p.apiserver.LedgerApiServer - Listening on localhost:6865 over plain text. 
17:39:56.108 [pool-1-thread-4] INFO  com.daml.platform.sandboxnext.Runner - Initialized sandbox version 1.1.1 with ledger-id = 1bf5f670-1436-4df4-be2e-eafe5f1fc0b0, port = 6865, dar file = List(.daml/dist/knolTrackF-0.0.1.dar), time mode = wall-clock time, ledger = in-memory, auth-service = AuthServiceWildcard$, contract ids seeding = strong 
17:53:12.833 [sandbox-akka.actor.default-dispatcher-4] INFO  akka.event.slf4j.Slf4jLogger - Slf4jLogger started 
17:53:21.451 [pool-1-thread-2] INFO  c.d.p.apiserver.LedgerApiServer - Listening on localhost:6865 over plain text. 
17:53:21.481 [pool-1-thread-5] INFO  com.daml.platform.sandboxnext.Runner - Initialized sandbox version 1.1.1 with ledger-id = b3619692-9f92-4d7e-8a08-a347bf4c6da2, port = 6865, dar file = List(.daml/dist/knolTrackF-0.0.1.dar), time mode = wall-clock time, ledger = in-memory, auth-service = AuthServiceWildcard$, contract ids seeding = strong 
20:13:46.322 [sandbox-akka.actor.default-dispatcher-6] INFO  akka.event.slf4j.Slf4jLogger - Slf4jLogger started 
20:13:54.920 [pool-1-thread-4] INFO  c.d.p.apiserver.LedgerApiServer - Listening on localhost:6865 over plain text. 
20:13:54.943 [pool-1-thread-4] INFO  com.daml.platform.sandboxnext.Runner - Initialized sandbox version 1.1.1 with ledger-id = 4074f5b4-d2de-4193-bfc5-b74814a88736, port = 6865, dar file = List(.daml/dist/knolTrackF-0.0.1.dar), time mode = wall-clock time, ledger = in-memory, auth-service = AuthServiceWildcard$, contract ids seeding = strong 
20:27:23.862 [sandbox-akka.actor.default-dispatcher-5] INFO  akka.event.slf4j.Slf4jLogger - Slf4jLogger started 
20:27:32.795 [pool-1-thread-4] INFO  c.d.p.apiserver.LedgerApiServer - Listening on localhost:6865 over plain text. 
20:27:32.820 [pool-1-thread-4] INFO  com.daml.platform.sandboxnext.Runner - Initialized sandbox version 1.1.1 with ledger-id = dc13e652-1efc-431e-b2bb-ee2dcac7eed3, port = 6865, dar file = List(.daml/dist/knolTrackF-0.0.1.dar), time mode = wall-clock time, ledger = in-memory, auth-service = AuthServiceWildcard$, contract ids seeding = strong 
20:46:37.644 [sandbox-akka.actor.default-dispatcher-4] INFO  akka.event.slf4j.Slf4jLogger - Slf4jLogger started 
20:46:46.454 [pool-1-thread-5] INFO  c.d.p.apiserver.LedgerApiServer - Listening on localhost:6865 over plain text. 
20:46:46.490 [pool-1-thread-5] INFO  com.daml.platform.sandboxnext.Runner - Initialized sandbox version 1.1.1 with ledger-id = e7005888-1d37-47d2-baaa-f5a25c7027dc, port = 6865, dar file = List(.daml/dist/knolTrackF-0.0.1.dar), time mode = wall-clock time, ledger = in-memory, auth-service = AuthServiceWildcard$, contract ids seeding = strong 
21:08:20.698 [sandbox-akka.actor.default-dispatcher-4] INFO  akka.event.slf4j.Slf4jLogger - Slf4jLogger started 
21:08:29.047 [pool-1-thread-3] INFO  c.d.p.apiserver.LedgerApiServer - Listening on localhost:6865 over plain text. 
21:08:29.067 [pool-1-thread-3] INFO  com.daml.platform.sandboxnext.Runner - Initialized sandbox version 1.1.1 with ledger-id = dd3b0199-2349-4946-b23f-898823f41143, port = 6865, dar file = List(.daml/dist/knolTrackF-0.0.1.dar), time mode = wall-clock time, ledger = in-memory, auth-service = AuthServiceWildcard$, contract ids seeding = strong 
21:16:11.569 [Thread-1] ERROR com.daml.resources.ProgramResource - Failed to stop successfully. 
java.util.concurrent.TimeoutException: Futures timed out after [10 seconds]
	at scala.concurrent.impl.Promise$DefaultPromise.ready(Promise.scala:259)
	at scala.concurrent.impl.Promise$DefaultPromise.result(Promise.scala:263)
	at scala.concurrent.Await$.$anonfun$result$1(package.scala:220)
	at scala.concurrent.BlockContext$DefaultBlockContext$.blockOn(BlockContext.scala:57)
	at scala.concurrent.Await$.result(package.scala:146)
	at com.daml.resources.ProgramResource.stop$1(ProgramResource.scala:34)
	at com.daml.resources.ProgramResource.$anonfun$run$5(ProgramResource.scala:42)
	at java.lang.Thread.run(Thread.java:748)
21:16:22.947 [sandbox-akka.actor.default-dispatcher-4] INFO  akka.event.slf4j.Slf4jLogger - Slf4jLogger started 
21:16:31.405 [pool-1-thread-3] INFO  c.d.p.apiserver.LedgerApiServer - Listening on localhost:6865 over plain text. 
21:16:31.426 [pool-1-thread-3] INFO  com.daml.platform.sandboxnext.Runner - Initialized sandbox version 1.1.1 with ledger-id = 5e27cbdd-7af4-4530-bc11-941949f2c90e, port = 6865, dar file = List(.daml/dist/knolTrackF-0.0.1.dar), time mode = wall-clock time, ledger = in-memory, auth-service = AuthServiceWildcard$, contract ids seeding = strong 
21:46:34.828 [sandbox-akka.actor.default-dispatcher-4] INFO  akka.event.slf4j.Slf4jLogger - Slf4jLogger started 
21:46:44.607 [pool-1-thread-1] INFO  c.d.p.apiserver.LedgerApiServer - Listening on localhost:6865 over plain text. 
21:46:44.629 [pool-1-thread-3] INFO  com.daml.platform.sandboxnext.Runner - Initialized sandbox version 1.1.1 with ledger-id = e14d4e28-0e4f-4d15-a695-d0a100b36e68, port = 6865, dar file = List(.daml/dist/knolTrackF-0.0.1.dar), time mode = wall-clock time, ledger = in-memory, auth-service = AuthServiceWildcard$, contract ids seeding = strong 
00:46:27.186 [daml.index.db.connection.api-server-3] ERROR c.d.platform.store.dao.DbDispatcher - load_packages: Got an exception while executing a SQL query. Rolled back the transaction. 
java.sql.SQLTransientConnectionException: daml.index.db.connection.api-server - Connection is not available, request timed out after 4245ms.
	at com.zaxxer.hikari.pool.HikariPool.createTimeoutException(HikariPool.java:676)
	at com.zaxxer.hikari.pool.HikariPool.getConnection(HikariPool.java:190)
	at com.zaxxer.hikari.pool.HikariPool.getConnection(HikariPool.java:155)
	at com.zaxxer.hikari.HikariDataSource.getConnection(HikariDataSource.java:100)
	at com.daml.platform.store.dao.HikariJdbcConnectionProvider.runSQL(HikariJdbcConnectionProvider.scala:78)
	at com.daml.platform.store.dao.DbDispatcher.$anonfun$executeSql$1(DbDispatcher.scala:54)
	at scala.concurrent.Future$.$anonfun$apply$1(Future.scala:659)
	at scala.util.Success.$anonfun$map$1(Try.scala:255)
	at scala.util.Success.map(Try.scala:213)
	at scala.concurrent.Future.$anonfun$map$1(Future.scala:292)
	at scala.concurrent.impl.Promise.liftedTree1$1(Promise.scala:33)
	at scala.concurrent.impl.Promise.$anonfun$transform$1(Promise.scala:33)
	at scala.concurrent.impl.CallbackRunnable.run(Promise.scala:64)
	at java.util.concurrent.ThreadPoolExecutor.runWorker(ThreadPoolExecutor.java:1149)
	at java.util.concurrent.ThreadPoolExecutor$Worker.run(ThreadPoolExecutor.java:624)
	at java.lang.Thread.run(Thread.java:748)
00:46:27.186 [daml.index.db.connection.api-server-6] ERROR c.d.platform.store.dao.DbDispatcher - get_ledger_end: Got an exception while executing a SQL query. Rolled back the transaction. 
java.sql.SQLTransientConnectionException: daml.index.db.connection.api-server - Connection is not available, request timed out after 640ms.
	at com.zaxxer.hikari.pool.HikariPool.createTimeoutException(HikariPool.java:676)
	at com.zaxxer.hikari.pool.HikariPool.getConnection(HikariPool.java:190)
	at com.zaxxer.hikari.pool.HikariPool.getConnection(HikariPool.java:155)
	at com.zaxxer.hikari.HikariDataSource.getConnection(HikariDataSource.java:100)
	at com.daml.platform.store.dao.HikariJdbcConnectionProvider.runSQL(HikariJdbcConnectionProvider.scala:78)
	at com.daml.platform.store.dao.DbDispatcher.$anonfun$executeSql$1(DbDispatcher.scala:54)
	at scala.concurrent.Future$.$anonfun$apply$1(Future.scala:659)
	at scala.util.Success.$anonfun$map$1(Try.scala:255)
	at scala.util.Success.map(Try.scala:213)
	at scala.concurrent.Future.$anonfun$map$1(Future.scala:292)
	at scala.concurrent.impl.Promise.liftedTree1$1(Promise.scala:33)
	at scala.concurrent.impl.Promise.$anonfun$transform$1(Promise.scala:33)
	at scala.concurrent.impl.CallbackRunnable.run(Promise.scala:64)
	at java.util.concurrent.ThreadPoolExecutor.runWorker(ThreadPoolExecutor.java:1149)
	at java.util.concurrent.ThreadPoolExecutor$Worker.run(ThreadPoolExecutor.java:624)
	at java.lang.Thread.run(Thread.java:748)
00:46:27.186 [daml.index.db.connection.api-server-7] ERROR c.d.platform.store.dao.DbDispatcher - load_packages: Got an exception while executing a SQL query. Rolled back the transaction. 
java.sql.SQLTransientConnectionException: daml.index.db.connection.api-server - Connection is not available, request timed out after 25732ms.
	at com.zaxxer.hikari.pool.HikariPool.createTimeoutException(HikariPool.java:676)
	at com.zaxxer.hikari.pool.HikariPool.getConnection(HikariPool.java:190)
	at com.zaxxer.hikari.pool.HikariPool.getConnection(HikariPool.java:155)
	at com.zaxxer.hikari.HikariDataSource.getConnection(HikariDataSource.java:100)
	at com.daml.platform.store.dao.HikariJdbcConnectionProvider.runSQL(HikariJdbcConnectionProvider.scala:78)
	at com.daml.platform.store.dao.DbDispatcher.$anonfun$executeSql$1(DbDispatcher.scala:54)
	at scala.concurrent.Future$.$anonfun$apply$1(Future.scala:659)
	at scala.util.Success.$anonfun$map$1(Try.scala:255)
	at scala.util.Success.map(Try.scala:213)
	at scala.concurrent.Future.$anonfun$map$1(Future.scala:292)
	at scala.concurrent.impl.Promise.liftedTree1$1(Promise.scala:33)
	at scala.concurrent.impl.Promise.$anonfun$transform$1(Promise.scala:33)
	at scala.concurrent.impl.CallbackRunnable.run(Promise.scala:64)
	at java.util.concurrent.ThreadPoolExecutor.runWorker(ThreadPoolExecutor.java:1149)
	at java.util.concurrent.ThreadPoolExecutor$Worker.run(ThreadPoolExecutor.java:624)
	at java.lang.Thread.run(Thread.java:748)
00:47:08.044 [dao-executor-78] ERROR c.d.p.a.services.ApiPackageService - Unhandled internal error 
java.sql.SQLTransientConnectionException: daml.index.db.connection.api-server - Connection is not available, request timed out after 25732ms.
	at com.zaxxer.hikari.pool.HikariPool.createTimeoutException(HikariPool.java:676)
	at com.zaxxer.hikari.pool.HikariPool.getConnection(HikariPool.java:190)
	at com.zaxxer.hikari.pool.HikariPool.getConnection(HikariPool.java:155)
	at com.zaxxer.hikari.HikariDataSource.getConnection(HikariDataSource.java:100)
	at com.daml.platform.store.dao.HikariJdbcConnectionProvider.runSQL(HikariJdbcConnectionProvider.scala:78)
	at com.daml.platform.store.dao.DbDispatcher.$anonfun$executeSql$1(DbDispatcher.scala:54)
	at scala.concurrent.Future$.$anonfun$apply$1(Future.scala:659)
	at scala.util.Success.$anonfun$map$1(Try.scala:255)
	at scala.util.Success.map(Try.scala:213)
	at scala.concurrent.Future.$anonfun$map$1(Future.scala:292)
	at scala.concurrent.impl.Promise.liftedTree1$1(Promise.scala:33)
	at scala.concurrent.impl.Promise.$anonfun$transform$1(Promise.scala:33)
	at scala.concurrent.impl.CallbackRunnable.run(Promise.scala:64)
	at java.util.concurrent.ThreadPoolExecutor.runWorker(ThreadPoolExecutor.java:1149)
	at java.util.concurrent.ThreadPoolExecutor$Worker.run(ThreadPoolExecutor.java:624)
	at java.lang.Thread.run(Thread.java:748)
00:47:08.044 [dao-executor-77] ERROR c.d.p.a.services.ApiPackageService - Unhandled internal error 
java.sql.SQLTransientConnectionException: daml.index.db.connection.api-server - Connection is not available, request timed out after 4245ms.
	at com.zaxxer.hikari.pool.HikariPool.createTimeoutException(HikariPool.java:676)
	at com.zaxxer.hikari.pool.HikariPool.getConnection(HikariPool.java:190)
	at com.zaxxer.hikari.pool.HikariPool.getConnection(HikariPool.java:155)
	at com.zaxxer.hikari.HikariDataSource.getConnection(HikariDataSource.java:100)
	at com.daml.platform.store.dao.HikariJdbcConnectionProvider.runSQL(HikariJdbcConnectionProvider.scala:78)
	at com.daml.platform.store.dao.DbDispatcher.$anonfun$executeSql$1(DbDispatcher.scala:54)
	at scala.concurrent.Future$.$anonfun$apply$1(Future.scala:659)
	at scala.util.Success.$anonfun$map$1(Try.scala:255)
	at scala.util.Success.map(Try.scala:213)
	at scala.concurrent.Future.$anonfun$map$1(Future.scala:292)
	at scala.concurrent.impl.Promise.liftedTree1$1(Promise.scala:33)
	at scala.concurrent.impl.Promise.$anonfun$transform$1(Promise.scala:33)
	at scala.concurrent.impl.CallbackRunnable.run(Promise.scala:64)
	at java.util.concurrent.ThreadPoolExecutor.runWorker(ThreadPoolExecutor.java:1149)
	at java.util.concurrent.ThreadPoolExecutor$Worker.run(ThreadPoolExecutor.java:624)
	at java.lang.Thread.run(Thread.java:748)
00:47:18.338 [sandbox-akka.actor.default-dispatcher-26] WARN  a.s.s.RestartWithBackoffSource - Restarting graph due to failure. stack_trace: 
java.sql.SQLTransientConnectionException: daml.index.db.connection.api-server - Connection is not available, request timed out after 640ms.
	at com.zaxxer.hikari.pool.HikariPool.createTimeoutException(HikariPool.java:676)
	at com.zaxxer.hikari.pool.HikariPool.getConnection(HikariPool.java:190)
	at com.zaxxer.hikari.pool.HikariPool.getConnection(HikariPool.java:155)
	at com.zaxxer.hikari.HikariDataSource.getConnection(HikariDataSource.java:100)
	at com.daml.platform.store.dao.HikariJdbcConnectionProvider.runSQL(HikariJdbcConnectionProvider.scala:78)
	at com.daml.platform.store.dao.DbDispatcher.$anonfun$executeSql$1(DbDispatcher.scala:54)
	at scala.concurrent.Future$.$anonfun$apply$1(Future.scala:659)
	at scala.util.Success.$anonfun$map$1(Try.scala:255)
	at scala.util.Success.map(Try.scala:213)
	at scala.concurrent.Future.$anonfun$map$1(Future.scala:292)
	at scala.concurrent.impl.Promise.liftedTree1$1(Promise.scala:33)
	at scala.concurrent.impl.Promise.$anonfun$transform$1(Promise.scala:33)
	at scala.concurrent.impl.CallbackRunnable.run(Promise.scala:64)
	at java.util.concurrent.ThreadPoolExecutor.runWorker(ThreadPoolExecutor.java:1149)
	at java.util.concurrent.ThreadPoolExecutor$Worker.run(ThreadPoolExecutor.java:624)
	at java.lang.Thread.run(Thread.java:748)
 akkaAddress=akka://sandbox, sourceThread=sandbox-akka.actor.default-dispatcher-31, akkaSource=RestartWithBackoffSource(akka://sandbox), sourceActorSystem=sandbox, akkaTimestamp=19:17:13.434UTC
15:47:53.025 [sandbox-akka.actor.default-dispatcher-6] INFO  akka.event.slf4j.Slf4jLogger - Slf4jLogger started 
15:48:04.749 [pool-1-thread-3] INFO  c.d.p.apiserver.LedgerApiServer - Listening on localhost:6865 over plain text. 
15:48:04.777 [pool-1-thread-3] INFO  com.daml.platform.sandboxnext.Runner - Initialized sandbox version 1.1.1 with ledger-id = 7ea2b8cd-15c3-4907-9dfd-bc2b678ef0a9, port = 6865, dar file = List(.daml/dist/knolTrackF-0.0.1.dar), time mode = wall-clock time, ledger = in-memory, auth-service = AuthServiceWildcard$, contract ids seeding = strong 
15:59:14.532 [sandbox-akka.actor.default-dispatcher-5] INFO  akka.event.slf4j.Slf4jLogger - Slf4jLogger started 
15:59:33.409 [pool-1-thread-4] INFO  c.d.p.apiserver.LedgerApiServer - Listening on localhost:6865 over plain text. 
15:59:33.482 [pool-1-thread-4] INFO  com.daml.platform.sandboxnext.Runner - Initialized sandbox version 1.1.1 with ledger-id = 94d90cd3-349e-4181-9e23-ff522807c1a6, port = 6865, dar file = List(.daml/dist/knolTrackF-0.0.1.dar), time mode = wall-clock time, ledger = in-memory, auth-service = AuthServiceWildcard$, contract ids seeding = strong 
16:21:00.639 [sandbox-akka.actor.default-dispatcher-4] INFO  akka.event.slf4j.Slf4jLogger - Slf4jLogger started 
16:21:12.108 [pool-1-thread-4] INFO  c.d.p.apiserver.LedgerApiServer - Listening on localhost:6865 over plain text. 
16:21:12.134 [pool-1-thread-4] INFO  com.daml.platform.sandboxnext.Runner - Initialized sandbox version 1.1.1 with ledger-id = d67c23ba-3e7c-44e6-b312-99ca10d5515b, port = 6865, dar file = List(.daml/dist/knolTrackF-0.0.1.dar), time mode = wall-clock time, ledger = in-memory, auth-service = AuthServiceWildcard$, contract ids seeding = strong 
16:55:19.487 [sandbox-akka.actor.default-dispatcher-4] INFO  akka.event.slf4j.Slf4jLogger - Slf4jLogger started 
16:55:30.506 [pool-1-thread-2] INFO  c.d.p.apiserver.LedgerApiServer - Listening on localhost:6865 over plain text. 
16:55:30.560 [pool-1-thread-4] INFO  com.daml.platform.sandboxnext.Runner - Initialized sandbox version 1.1.1 with ledger-id = 77445c58-3010-4fb9-8486-18743a0e7ac6, port = 6865, dar file = List(.daml/dist/knolTrackF-0.0.1.dar), time mode = wall-clock time, ledger = in-memory, auth-service = AuthServiceWildcard$, contract ids seeding = strong 
17:52:18.600 [sandbox-akka.actor.default-dispatcher-4] INFO  akka.event.slf4j.Slf4jLogger - Slf4jLogger started 
17:52:30.619 [pool-1-thread-2] INFO  c.d.p.apiserver.LedgerApiServer - Listening on localhost:6865 over plain text. 
17:52:30.657 [pool-1-thread-2] INFO  com.daml.platform.sandboxnext.Runner - Initialized sandbox version 1.1.1 with ledger-id = b5874fbc-fef6-4f6c-b045-e2cfec46dfc7, port = 6865, dar file = List(.daml/dist/knolTrackF-0.0.1.dar), time mode = wall-clock time, ledger = in-memory, auth-service = AuthServiceWildcard$, contract ids seeding = strong 
18:21:58.206 [sandbox-akka.actor.default-dispatcher-4] INFO  akka.event.slf4j.Slf4jLogger - Slf4jLogger started 
18:22:09.407 [pool-1-thread-4] INFO  c.d.p.apiserver.LedgerApiServer - Listening on localhost:6865 over plain text. 
18:22:09.429 [pool-1-thread-4] INFO  com.daml.platform.sandboxnext.Runner - Initialized sandbox version 1.1.1 with ledger-id = 0e58f404-a727-4f7f-9af4-ef7b736defd4, port = 6865, dar file = List(.daml/dist/knolTrackF-0.0.1.dar), time mode = wall-clock time, ledger = in-memory, auth-service = AuthServiceWildcard$, contract ids seeding = strong 
